#
# There is insufficient memory for the Java Runtime Environment to continue.
# Native memory allocation (malloc) failed to allocate 1575696 bytes for Chunk::new
# Possible reasons:
#   The system is out of physical RAM or swap space
#   In 32 bit mode, the process size limit was hit
# Possible solutions:
#   Reduce memory load on the system
#   Increase physical memory or swap space
#   Check if swap backing store is full
#   Use 64 bit Java on a 64 bit OS
#   Decrease Java heap size (-Xmx/-Xms)
#   Decrease number of Java threads
#   Decrease Java thread stack sizes (-Xss)
#   Set larger code cache with -XX:ReservedCodeCacheSize=
# This output file may be truncated or incomplete.
#
#  Out of Memory Error (allocation.cpp:390), pid=69272, tid=0x0000000000010bc0
#
# JRE version: Java(TM) SE Runtime Environment (8.0_131-b11) (build 1.8.0_131-b11)
# Java VM: Java HotSpot(TM) 64-Bit Server VM (25.131-b11 mixed mode windows-amd64 compressed oops)
# Failed to write core dump. Minidumps are not enabled by default on client versions of Windows
#

---------------  T H R E A D  ---------------

Current thread (0x00000000587f2800):  JavaThread "C2 CompilerThread1" daemon [_thread_in_native, id=68544, stack(0x0000000059260000,0x0000000059360000)]

Stack: [0x0000000059260000,0x0000000059360000]
[error occurred during error reporting (printing stack bounds), id 0xc0000005]

Native frames: (J=compiled Java code, j=interpreted, Vv=VM code, C=native code)


Current CompileTask:
C2:   7487 1941       4       org.eclipse.osgi.internal.loader.classpath.ClasspathManager::findLocalClassImpl (128 bytes)


---------------  P R O C E S S  ---------------

Java Threads: ( => current thread )
  0x000000005ac11800 JavaThread "pool-1-thread-1" [_thread_in_native, id=69592, stack(0x000000005ca20000,0x000000005cb20000)]
  0x000000005abac000 JavaThread "pool-2-thread-1" [_thread_blocked, id=68264, stack(0x000000005c830000,0x000000005c930000)]
  0x000000005aadc800 JavaThread "Java indexing" daemon [_thread_blocked, id=13852, stack(0x000000005c4d0000,0x000000005c5d0000)]
  0x000000005a976800 JavaThread "Worker-1" [_thread_blocked, id=69168, stack(0x000000005c0f0000,0x000000005c1f0000)]
  0x000000005aacc000 JavaThread "Worker-0" [_thread_blocked, id=6748, stack(0x000000005bf00000,0x000000005c000000)]
  0x000000005a107000 JavaThread "Worker-JM" [_thread_blocked, id=69212, stack(0x0000000059860000,0x0000000059960000)]
  0x000000005a90a800 JavaThread "Start Level: Equinox Container: 430ac900-cdeb-419c-a449-438ae1ccac92" daemon [_thread_blocked, id=68036, stack(0x000000005b750000,0x000000005b850000)]
  0x000000005a106000 JavaThread "Framework Event Dispatcher: Equinox Container: 430ac900-cdeb-419c-a449-438ae1ccac92" daemon [_thread_blocked, id=63328, stack(0x000000005b630000,0x000000005b730000)]
  0x0000000059e2a800 JavaThread "Active Thread: Equinox Container: 430ac900-cdeb-419c-a449-438ae1ccac92" [_thread_blocked, id=68872, stack(0x000000005a310000,0x000000005a410000)]
  0x0000000058828000 JavaThread "Service Thread" daemon [_thread_blocked, id=69028, stack(0x0000000058e10000,0x0000000058f10000)]
  0x00000000587f3000 JavaThread "C1 CompilerThread2" daemon [_thread_blocked, id=68980, stack(0x00000000596a0000,0x00000000597a0000)]
=>0x00000000587f2800 JavaThread "C2 CompilerThread1" daemon [_thread_in_native, id=68544, stack(0x0000000059260000,0x0000000059360000)]
  0x00000000587f1800 JavaThread "C2 CompilerThread0" daemon [_thread_in_native, id=68764, stack(0x0000000059500000,0x0000000059600000)]
  0x00000000587eb800 JavaThread "Attach Listener" daemon [_thread_blocked, id=68572, stack(0x00000000593b0000,0x00000000594b0000)]
  0x00000000587ce800 JavaThread "Signal Dispatcher" daemon [_thread_blocked, id=68744, stack(0x0000000059140000,0x0000000059240000)]
  0x00000000587cd800 JavaThread "Surrogate Locker Thread (Concurrent GC)" daemon [_thread_blocked, id=68756, stack(0x0000000058f40000,0x0000000059040000)]
  0x000000005879d800 JavaThread "Finalizer" daemon [_thread_blocked, id=68836, stack(0x0000000017ca0000,0x0000000017da0000)]
  0x0000000058793000 JavaThread "Reference Handler" daemon [_thread_blocked, id=68844, stack(0x0000000058d10000,0x0000000058e10000)]
  0x000000000244a000 JavaThread "main" [_thread_blocked, id=62472, stack(0x0000000002850000,0x0000000002950000)]

Other Threads:
  0x0000000058790800 VMThread [stack: 0x0000000058b60000,0x0000000058c60000] [id=68716]
  0x0000000058834800 WatcherThread [stack: 0x0000000059960000,0x0000000059a60000] [id=69100]

VM state:not at safepoint (normal execution)

VM Mutex/Monitor currently owned by a thread: None

Heap:
 garbage-first heap   total 61440K, used 28160K [0x00000000c0000000, 0x00000000c01001e0, 0x0000000100000000)
  region size 1024K, 14 young (14336K), 1 survivors (1024K)
 Metaspace       used 24982K, capacity 26366K, committed 26624K, reserved 1073152K
  class space    used 2711K, capacity 3069K, committed 3072K, reserved 1048576K

Heap Regions: (Y=young(eden), SU=young(survivor), HS=humongous(starts), HC=humongous(continues), CS=collection set, F=free, TS=gc time stamp, PTAMS=previous top-at-mark-start, NTAMS=next top-at-mark-start)
AC   0  O    TS     0 PTAMS 0x00000000c0100000 NTAMS 0x00000000c0100000 space 1024K, 100% used [0x00000000c0000000, 0x00000000c0100000)
AC   0  F    TS     0 PTAMS 0x00000000c0100000 NTAMS 0x00000000c0100000 space 1024K,   0% used [0x00000000c0100000, 0x00000000c0200000)
AC   0  O    TS     0 PTAMS 0x00000000c0300000 NTAMS 0x00000000c0300000 space 1024K, 100% used [0x00000000c0200000, 0x00000000c0300000)
AC   0  O    TS     0 PTAMS 0x00000000c0400000 NTAMS 0x00000000c0400000 space 1024K, 100% used [0x00000000c0300000, 0x00000000c0400000)
AC   0  O    TS     0 PTAMS 0x00000000c0500000 NTAMS 0x00000000c0500000 space 1024K, 100% used [0x00000000c0400000, 0x00000000c0500000)
AC   0  F    TS     0 PTAMS 0x00000000c0500000 NTAMS 0x00000000c0500000 space 1024K,   0% used [0x00000000c0500000, 0x00000000c0600000)
AC   0  O    TS     1 PTAMS 0x00000000c0600000 NTAMS 0x00000000c0600000 space 1024K, 100% used [0x00000000c0600000, 0x00000000c0700000)
AC   0  F    TS     0 PTAMS 0x00000000c0700000 NTAMS 0x00000000c0700000 space 1024K,   0% used [0x00000000c0700000, 0x00000000c0800000)
AC   0  O    TS     1 PTAMS 0x00000000c0800000 NTAMS 0x00000000c0800000 space 1024K, 100% used [0x00000000c0800000, 0x00000000c0900000)
AC   0  O    TS     1 PTAMS 0x00000000c0900000 NTAMS 0x00000000c0900000 space 1024K, 100% used [0x00000000c0900000, 0x00000000c0a00000)
AC   0  O    TS     1 PTAMS 0x00000000c0a00000 NTAMS 0x00000000c0a00000 space 1024K, 100% used [0x00000000c0a00000, 0x00000000c0b00000)
AC   0  O    TS     3 PTAMS 0x00000000c0b00000 NTAMS 0x00000000c0b00000 space 1024K, 100% used [0x00000000c0b00000, 0x00000000c0c00000)
AC   0  O    TS     3 PTAMS 0x00000000c0c00000 NTAMS 0x00000000c0c00000 space 1024K, 100% used [0x00000000c0c00000, 0x00000000c0d00000)
AC   0  O    TS     0 PTAMS 0x00000000c0e00000 NTAMS 0x00000000c0e00000 space 1024K, 100% used [0x00000000c0d00000, 0x00000000c0e00000)
AC   0  O    TS     0 PTAMS 0x00000000c0f00000 NTAMS 0x00000000c0f00000 space 1024K, 100% used [0x00000000c0e00000, 0x00000000c0f00000)
AC   0  F    TS     0 PTAMS 0x00000000c0f00000 NTAMS 0x00000000c0f00000 space 1024K,   0% used [0x00000000c0f00000, 0x00000000c1000000)
AC   0  O    TS     1 PTAMS 0x00000000c1080008 NTAMS 0x00000000c1080008 space 1024K, 100% used [0x00000000c1000000, 0x00000000c1100000)
AC   0  O    TS     3 PTAMS 0x00000000c1100000 NTAMS 0x00000000c1100000 space 1024K, 100% used [0x00000000c1100000, 0x00000000c1200000)
AC   0  O    TS     3 PTAMS 0x00000000c1200000 NTAMS 0x00000000c1200000 space 1024K,  50% used [0x00000000c1200000, 0x00000000c1300000)
AC   0  F    TS     0 PTAMS 0x00000000c1300000 NTAMS 0x00000000c1300000 space 1024K,   0% used [0x00000000c1300000, 0x00000000c1400000)
AC   0  F    TS     0 PTAMS 0x00000000c1400000 NTAMS 0x00000000c1400000 space 1024K,   0% used [0x00000000c1400000, 0x00000000c1500000)
AC   0  F    TS     0 PTAMS 0x00000000c1500000 NTAMS 0x00000000c1500000 space 1024K,   0% used [0x00000000c1500000, 0x00000000c1600000)
AC   0  F    TS     0 PTAMS 0x00000000c1600000 NTAMS 0x00000000c1600000 space 1024K,   0% used [0x00000000c1600000, 0x00000000c1700000)
AC   0  F    TS     0 PTAMS 0x00000000c1700000 NTAMS 0x00000000c1700000 space 1024K,   0% used [0x00000000c1700000, 0x00000000c1800000)
AC   0  F    TS     1 PTAMS 0x00000000c1800000 NTAMS 0x00000000c1800000 space 1024K,   0% used [0x00000000c1800000, 0x00000000c1900000)
AC   0  F    TS     1 PTAMS 0x00000000c1900000 NTAMS 0x00000000c1900000 space 1024K,   0% used [0x00000000c1900000, 0x00000000c1a00000)
AC   0  F    TS     1 PTAMS 0x00000000c1a00000 NTAMS 0x00000000c1a00000 space 1024K,   0% used [0x00000000c1a00000, 0x00000000c1b00000)
AC   0  F    TS     1 PTAMS 0x00000000c1b00000 NTAMS 0x00000000c1b00000 space 1024K,   0% used [0x00000000c1b00000, 0x00000000c1c00000)
AC   0  F    TS     0 PTAMS 0x00000000c1c00000 NTAMS 0x00000000c1c00000 space 1024K,   0% used [0x00000000c1c00000, 0x00000000c1d00000)
AC   0  F    TS     0 PTAMS 0x00000000c1d00000 NTAMS 0x00000000c1d00000 space 1024K,   0% used [0x00000000c1d00000, 0x00000000c1e00000)
AC   0  F    TS     0 PTAMS 0x00000000c1e00000 NTAMS 0x00000000c1e00000 space 1024K,   0% used [0x00000000c1e00000, 0x00000000c1f00000)
AC   0  F    TS     0 PTAMS 0x00000000c1f00000 NTAMS 0x00000000c1f00000 space 1024K,   0% used [0x00000000c1f00000, 0x00000000c2000000)
AC   0  F    TS     0 PTAMS 0x00000000c2000000 NTAMS 0x00000000c2000000 space 1024K,   0% used [0x00000000c2000000, 0x00000000c2100000)
AC   0  F    TS     0 PTAMS 0x00000000c2100000 NTAMS 0x00000000c2100000 space 1024K,   0% used [0x00000000c2100000, 0x00000000c2200000)
AC   0  F    TS     0 PTAMS 0x00000000c2200000 NTAMS 0x00000000c2200000 space 1024K,   0% used [0x00000000c2200000, 0x00000000c2300000)
AC   0  F    TS     0 PTAMS 0x00000000c2300000 NTAMS 0x00000000c2300000 space 1024K,   0% used [0x00000000c2300000, 0x00000000c2400000)
AC   0  F    TS     0 PTAMS 0x00000000c2400000 NTAMS 0x00000000c2400000 space 1024K,   0% used [0x00000000c2400000, 0x00000000c2500000)
AC   0  F    TS     0 PTAMS 0x00000000c2500000 NTAMS 0x00000000c2500000 space 1024K,   0% used [0x00000000c2500000, 0x00000000c2600000)
AC   0  F    TS     0 PTAMS 0x00000000c2600000 NTAMS 0x00000000c2600000 space 1024K,   0% used [0x00000000c2600000, 0x00000000c2700000)
AC   0  F    TS     0 PTAMS 0x00000000c2700000 NTAMS 0x00000000c2700000 space 1024K,   0% used [0x00000000c2700000, 0x00000000c2800000)
AC   0  F    TS     0 PTAMS 0x00000000c2800000 NTAMS 0x00000000c2800000 space 1024K,   0% used [0x00000000c2800000, 0x00000000c2900000)
AC   0  F    TS     0 PTAMS 0x00000000c2900000 NTAMS 0x00000000c2900000 space 1024K,   0% used [0x00000000c2900000, 0x00000000c2a00000)
AC   0  F    TS     0 PTAMS 0x00000000c2a00000 NTAMS 0x00000000c2a00000 space 1024K,   0% used [0x00000000c2a00000, 0x00000000c2b00000)
AC   0  F    TS     0 PTAMS 0x00000000c2b00000 NTAMS 0x00000000c2b00000 space 1024K,   0% used [0x00000000c2b00000, 0x00000000c2c00000)
AC   0  F    TS     0 PTAMS 0x00000000c2c00000 NTAMS 0x00000000c2c00000 space 1024K,   0% used [0x00000000c2c00000, 0x00000000c2d00000)
AC   0  F    TS     0 PTAMS 0x00000000c2d00000 NTAMS 0x00000000c2d00000 space 1024K,   0% used [0x00000000c2d00000, 0x00000000c2e00000)
AC   0  E    TS     0 PTAMS 0x00000000c2e00000 NTAMS 0x00000000c2e00000 space 1024K, 100% used [0x00000000c2e00000, 0x00000000c2f00000)
AC   0  E CS TS     0 PTAMS 0x00000000c2f00000 NTAMS 0x00000000c2f00000 space 1024K, 100% used [0x00000000c2f00000, 0x00000000c3000000)
AC   0  E CS TS     0 PTAMS 0x00000000c3000000 NTAMS 0x00000000c3000000 space 1024K, 100% used [0x00000000c3000000, 0x00000000c3100000)
AC   0  E CS TS     0 PTAMS 0x00000000c3100000 NTAMS 0x00000000c3100000 space 1024K, 100% used [0x00000000c3100000, 0x00000000c3200000)
AC   0  E CS TS     0 PTAMS 0x00000000c3200000 NTAMS 0x00000000c3200000 space 1024K, 100% used [0x00000000c3200000, 0x00000000c3300000)
AC   0  E CS TS     0 PTAMS 0x00000000c3300000 NTAMS 0x00000000c3300000 space 1024K, 100% used [0x00000000c3300000, 0x00000000c3400000)
AC   0  E CS TS     0 PTAMS 0x00000000c3400000 NTAMS 0x00000000c3400000 space 1024K, 100% used [0x00000000c3400000, 0x00000000c3500000)
AC   0  E CS TS     0 PTAMS 0x00000000c3500000 NTAMS 0x00000000c3500000 space 1024K, 100% used [0x00000000c3500000, 0x00000000c3600000)
AC   0  E CS TS     0 PTAMS 0x00000000c3600000 NTAMS 0x00000000c3600000 space 1024K, 100% used [0x00000000c3600000, 0x00000000c3700000)
AC   0  E CS TS     0 PTAMS 0x00000000c3700000 NTAMS 0x00000000c3700000 space 1024K, 100% used [0x00000000c3700000, 0x00000000c3800000)
AC   0  E CS TS     0 PTAMS 0x00000000c3800000 NTAMS 0x00000000c3800000 space 1024K, 100% used [0x00000000c3800000, 0x00000000c3900000)
AC   0  E CS TS     0 PTAMS 0x00000000c3900000 NTAMS 0x00000000c3900000 space 1024K, 100% used [0x00000000c3900000, 0x00000000c3a00000)
AC   0  S CS TS     3 PTAMS 0x00000000c3a00000 NTAMS 0x00000000c3a00000 space 1024K, 100% used [0x00000000c3a00000, 0x00000000c3b00000)
AC   0  E CS TS     0 PTAMS 0x00000000c3b00000 NTAMS 0x00000000c3b00000 space 1024K, 100% used [0x00000000c3b00000, 0x00000000c3c00000)

Card table byte_map: [0x0000000013070000,0x0000000013270000] byte_map_base: 0x0000000012a70000

Marking Bits (Prev, Next): (CMBitMap*) 0x0000000002487d00, (CMBitMap*) 0x0000000002487ca8
 Prev Bits: [0x0000000014470000, 0x0000000015470000)
 Next Bits: [0x0000000013470000, 0x0000000014470000)

Polling page: 0x0000000000240000

CodeCache: size=245760Kb used=7278Kb max_used=7278Kb free=238481Kb
 bounds [0x0000000002950000, 0x0000000003070000, 0x0000000011950000]
 total_blobs=2474 nmethods=2012 adapters=374
 compilation: enabled

Compilation events (10 events):
Event: 7.424 Thread 0x00000000587f3000 1986       3       com.google.inject.internal.AbstractBindingBuilder::in (28 bytes)
Event: 7.425 Thread 0x00000000587f3000 nmethod 1986 0x0000000003054650 code [0x0000000003054860, 0x00000000030552b8]
Event: 7.425 Thread 0x00000000587f3000 1987       3       com.google.inject.internal.AbstractBindingBuilder::checkNotScoped (55 bytes)
Event: 7.426 Thread 0x00000000587f3000 nmethod 1987 0x0000000003055750 code [0x0000000003055900, 0x0000000003056058]
Event: 7.426 Thread 0x00000000587f3000 1989       3       java.nio.ByteBuffer::<init> (45 bytes)
Event: 7.426 Thread 0x00000000587f3000 nmethod 1989 0x0000000003056210 code [0x0000000003056380, 0x0000000003056608]
Event: 7.426 Thread 0x00000000587f3000 1988       3       com.google.inject.internal.Scoping::isExplicitlyScoped (13 bytes)
Event: 7.426 Thread 0x00000000587f3000 nmethod 1988 0x0000000003056710 code [0x0000000003056860, 0x0000000003056a10]
Event: 7.434 Thread 0x00000000587f3000 1990       3       com.google.inject.spi.ElementSource::<init> (51 bytes)
Event: 7.435 Thread 0x00000000587f3000 nmethod 1990 0x0000000003056a90 code [0x0000000003056ca0, 0x00000000030575f8]

GC Heap History (10 events):
Event: 2.059 GC heap before
{Heap before GC invocations=1 (full 0):
 garbage-first heap   total 61440K, used 18284K [0x00000000c0000000, 0x00000000c01001e0, 0x0000000100000000)
  region size 1024K, 16 young (16384K), 2 survivors (2048K)
 Metaspace       used 10107K, capacity 10548K, committed 10752K, reserved 1058816K
  class space    used 1069K, capacity 1200K, committed 1280K, reserved 1048576K
Event: 2.066 GC heap after
Heap after GC invocations=2 (full 0):
 garbage-first heap   total 61440K, used 9013K [0x00000000c0000000, 0x00000000c01001e0, 0x0000000100000000)
  region size 1024K, 2 young (2048K), 2 survivors (2048K)
 Metaspace       used 10107K, capacity 10548K, committed 10752K, reserved 1058816K
  class space    used 1069K, capacity 1200K, committed 1280K, reserved 1048576K
}
Event: 4.068 GC heap before
{Heap before GC invocations=2 (full 0):
 garbage-first heap   total 61440K, used 32565K [0x00000000c0000000, 0x00000000c01001e0, 0x0000000100000000)
  region size 1024K, 25 young (25600K), 2 survivors (2048K)
 Metaspace       used 18299K, capacity 19240K, committed 19328K, reserved 1067008K
  class space    used 1840K, capacity 2159K, committed 2176K, reserved 1048576K
Event: 4.080 GC heap after
Heap after GC invocations=3 (full 0):
 garbage-first heap   total 61440K, used 17408K [0x00000000c0000000, 0x00000000c01001e0, 0x0000000100000000)
  region size 1024K, 4 young (4096K), 4 survivors (4096K)
 Metaspace       used 18299K, capacity 19240K, committed 19328K, reserved 1067008K
  class space    used 1840K, capacity 2159K, committed 2176K, reserved 1048576K
}
Event: 4.612 GC heap before
{Heap before GC invocations=3 (full 0):
 garbage-first heap   total 61440K, used 22528K [0x00000000c0000000, 0x00000000c01001e0, 0x0000000100000000)
  region size 1024K, 10 young (10240K), 4 survivors (4096K)
 Metaspace       used 19906K, capacity 21158K, committed 21296K, reserved 1069056K
  class space    used 2034K, capacity 2329K, committed 2432K, reserved 1048576K
Event: 4.621 GC heap after
Heap after GC invocations=4 (full 0):
 garbage-first heap   total 61440K, used 22016K [0x00000000c0000000, 0x00000000c01001e0, 0x0000000100000000)
  region size 1024K, 5 young (5120K), 5 survivors (5120K)
 Metaspace       used 19906K, capacity 21158K, committed 21296K, reserved 1069056K
  class space    used 2034K, capacity 2329K, committed 2432K, reserved 1048576K
}
Event: 7.098 GC heap before
{Heap before GC invocations=5 (full 0):
 garbage-first heap   total 61440K, used 43520K [0x00000000c0000000, 0x00000000c01001e0, 0x0000000100000000)
  region size 1024K, 32 young (32768K), 5 survivors (5120K)
 Metaspace       used 22661K, capacity 23966K, committed 24064K, reserved 1071104K
  class space    used 2423K, capacity 2739K, committed 2816K, reserved 1048576K
Event: 7.108 GC heap after
Heap after GC invocations=6 (full 0):
 garbage-first heap   total 61440K, used 19862K [0x00000000c0000000, 0x00000000c01001e0, 0x0000000100000000)
  region size 1024K, 4 young (4096K), 4 survivors (4096K)
 Metaspace       used 22661K, capacity 23966K, committed 24064K, reserved 1071104K
  class space    used 2423K, capacity 2739K, committed 2816K, reserved 1048576K
}
Event: 7.121 GC heap before
{Heap before GC invocations=6 (full 0):
 garbage-first heap   total 61440K, used 20886K [0x00000000c0000000, 0x00000000c01001e0, 0x0000000100000000)
  region size 1024K, 5 young (5120K), 4 survivors (4096K)
 Metaspace       used 22763K, capacity 24062K, committed 24320K, reserved 1071104K
  class space    used 2433K, capacity 2771K, committed 2816K, reserved 1048576K
Event: 7.126 GC heap after
Heap after GC invocations=7 (full 0):
 garbage-first heap   total 61440K, used 15872K [0x00000000c0000000, 0x00000000c01001e0, 0x0000000100000000)
  region size 1024K, 1 young (1024K), 1 survivors (1024K)
 Metaspace       used 22763K, capacity 24062K, committed 24320K, reserved 1071104K
  class space    used 2433K, capacity 2771K, committed 2816K, reserved 1048576K
}

Deoptimization events (10 events):
Event: 4.344 Thread 0x000000000244a000 Uncommon trap: reason=unstable_if action=reinterpret pc=0x0000000002e6577c method=java.util.Properties$LineReader.readLine()I @ 328
Event: 4.344 Thread 0x000000000244a000 Uncommon trap: reason=unstable_if action=reinterpret pc=0x0000000002e628cc method=java.util.Properties.loadConvert([CII[C)Ljava/lang/String; @ 431
Event: 6.810 Thread 0x000000005ac11800 Uncommon trap: reason=unstable_if action=reinterpret pc=0x0000000002eb690c method=java.util.ArrayList.indexOf(Ljava/lang/Object;)I @ 1
Event: 6.813 Thread 0x000000005ac11800 Uncommon trap: reason=unstable_if action=reinterpret pc=0x0000000002f4bfe8 method=java.nio.charset.CoderResult.isOverflow()Z @ 5
Event: 6.824 Thread 0x000000005ac11800 Uncommon trap: reason=unstable_if action=reinterpret pc=0x0000000002df7b64 method=java.util.ArrayList.indexOf(Ljava/lang/Object;)I @ 1
Event: 6.857 Thread 0x000000005ac11800 Uncommon trap: reason=unstable_if action=reinterpret pc=0x0000000002f482b8 method=java.io.Reader.read()I @ 12
Event: 6.883 Thread 0x000000005ac11800 Uncommon trap: reason=unstable_if action=reinterpret pc=0x0000000002f725a0 method=sun.nio.cs.StreamDecoder.implRead([CII)I @ 197
Event: 6.883 Thread 0x000000005ac11800 Uncommon trap: reason=unstable_if action=reinterpret pc=0x0000000002f45338 method=java.io.Reader.read()I @ 12
Event: 6.942 Thread 0x000000005ac11800 Uncommon trap: reason=unstable_if action=reinterpret pc=0x0000000002f7d430 method=org.codehaus.plexus.util.xml.pull.MXParser.nextImpl()I @ 91
Event: 7.030 Thread 0x000000005ac11800 Uncommon trap: reason=unstable_if action=reinterpret pc=0x0000000002fc40e0 method=java.util.WeakHashMap.put(Ljava/lang/Object;Ljava/lang/Object;)Ljava/lang/Object; @ 37

Internal exceptions (10 events):
Event: 4.052 Thread 0x000000000244a000 Exception <a 'java/lang/ArrayIndexOutOfBoundsException'> (0x00000000c23544a8) thrown at [C:\re\workspace\8-2-build-windows-amd64-cygwin\jdk8u131\8869\hotspot\src\share\vm\runtime\sharedRuntime.cpp, line 605]
Event: 4.053 Thread 0x000000000244a000 Exception <a 'java/lang/ArrayIndexOutOfBoundsException'> (0x00000000c2358890) thrown at [C:\re\workspace\8-2-build-windows-amd64-cygwin\jdk8u131\8869\hotspot\src\share\vm\runtime\sharedRuntime.cpp, line 605]
Event: 4.053 Thread 0x000000000244a000 Exception <a 'java/lang/ArrayIndexOutOfBoundsException'> (0x00000000c235f7b0) thrown at [C:\re\workspace\8-2-build-windows-amd64-cygwin\jdk8u131\8869\hotspot\src\share\vm\runtime\sharedRuntime.cpp, line 605]
Event: 4.054 Thread 0x000000000244a000 Exception <a 'java/lang/ArrayIndexOutOfBoundsException'> (0x00000000c2362aa8) thrown at [C:\re\workspace\8-2-build-windows-amd64-cygwin\jdk8u131\8869\hotspot\src\share\vm\runtime\sharedRuntime.cpp, line 605]
Event: 4.055 Thread 0x000000000244a000 Exception <a 'java/lang/ArrayIndexOutOfBoundsException'> (0x00000000c23686b0) thrown at [C:\re\workspace\8-2-build-windows-amd64-cygwin\jdk8u131\8869\hotspot\src\share\vm\runtime\sharedRuntime.cpp, line 605]
Event: 4.060 Thread 0x000000000244a000 Exception <a 'java/lang/ArrayIndexOutOfBoundsException'> (0x00000000c2387d70) thrown at [C:\re\workspace\8-2-build-windows-amd64-cygwin\jdk8u131\8869\hotspot\src\share\vm\runtime\sharedRuntime.cpp, line 605]
Event: 4.062 Thread 0x000000000244a000 Exception <a 'java/lang/ArrayIndexOutOfBoundsException'> (0x00000000c23958d8) thrown at [C:\re\workspace\8-2-build-windows-amd64-cygwin\jdk8u131\8869\hotspot\src\share\vm\runtime\sharedRuntime.cpp, line 605]
Event: 4.068 Thread 0x000000000244a000 Exception <a 'java/lang/ArrayIndexOutOfBoundsException': 109> (0x00000000c23df220) thrown at [C:\re\workspace\8-2-build-windows-amd64-cygwin\jdk8u131\8869\hotspot\src\share\vm\interpreter\interpreterRuntime.cpp, line 366]
Event: 4.611 Thread 0x000000005ac11800 Exception <a 'java/lang/NoClassDefFoundError': org/slf4j/impl/StaticLoggerBinder> (0x00000000c36366b0) thrown at [C:\re\workspace\8-2-build-windows-amd64-cygwin\jdk8u131\8869\hotspot\src\share\vm\classfile\systemDictionary.cpp, line 199]
Event: 4.650 Thread 0x000000005ac11800 Exception <a 'java/io/FileNotFoundException'> (0x00000000c3b35d08) thrown at [C:\re\workspace\8-2-build-windows-amd64-cygwin\jdk8u131\8869\hotspot\src\share\vm\prims\jni.cpp, line 709]

Events (10 events):
Event: 7.278 loading class org/apache/maven/lifecycle/mapping/DefaultLifecycleMapping$__sisu5
Event: 7.278 loading class org/apache/maven/lifecycle/mapping/DefaultLifecycleMapping$__sisu5 done
Event: 7.361 loading class org/apache/maven/artifact/handler/DefaultArtifactHandler$__sisu14
Event: 7.361 loading class org/apache/maven/artifact/handler/DefaultArtifactHandler$__sisu14 done
Event: 7.371 loading class org/apache/maven/artifact/handler/DefaultArtifactHandler$__sisu18
Event: 7.371 loading class org/apache/maven/artifact/handler/DefaultArtifactHandler$__sisu18 done
Event: 7.402 loading class org/apache/maven/artifact/handler/DefaultArtifactHandler$__sisu9
Event: 7.402 loading class org/apache/maven/artifact/handler/DefaultArtifactHandler$__sisu9 done
Event: 7.403 loading class org/apache/maven/artifact/handler/DefaultArtifactHandler$__sisu12
Event: 7.403 loading class org/apache/maven/artifact/handler/DefaultArtifactHandler$__sisu12 done


Dynamic libraries:
0x000000013ff30000 - 0x000000013ff67000 	C:\Program Files\Java\jdk1.8.0_131\bin\java.exe
0x00000000778d0000 - 0x0000000077a79000 	C:\Windows\SYSTEM32\ntdll.dll
0x0000000077450000 - 0x0000000077570000 	C:\Windows\system32\kernel32.dll
0x000007fefe050000 - 0x000007fefe0bc000 	C:\Windows\system32\KERNELBASE.dll
0x000007feff1c0000 - 0x000007feff29b000 	C:\Windows\system32\ADVAPI32.dll
0x000007fefef20000 - 0x000007fefefbf000 	C:\Windows\system32\msvcrt.dll
0x000007fefefc0000 - 0x000007fefefdf000 	C:\Windows\SYSTEM32\sechost.dll
0x000007feffab0000 - 0x000007feffbdd000 	C:\Windows\system32\RPCRT4.dll
0x0000000077200000 - 0x00000000772fa000 	C:\Windows\system32\USER32.dll
0x000007feff080000 - 0x000007feff0e7000 	C:\Windows\system32\GDI32.dll
0x000007feff470000 - 0x000007feff47e000 	C:\Windows\system32\LPK.dll
0x000007feff0f0000 - 0x000007feff1b9000 	C:\Windows\system32\USP10.dll
0x000007fefc3f0000 - 0x000007fefc5e4000 	C:\Windows\WinSxS\amd64_microsoft.windows.common-controls_6595b64144ccf1df_6.0.7601.18837_none_fa3b1e3d17594757\COMCTL32.dll
0x000007fefefe0000 - 0x000007feff051000 	C:\Windows\system32\SHLWAPI.dll
0x000007feff2a0000 - 0x000007feff2ce000 	C:\Windows\system32\IMM32.DLL
0x000007feff9a0000 - 0x000007feffaa9000 	C:\Windows\system32\MSCTF.dll
0x0000000071f50000 - 0x0000000072022000 	C:\Program Files\Java\jdk1.8.0_131\jre\bin\msvcr100.dll
0x00000000681b0000 - 0x0000000068a4c000 	C:\Program Files\Java\jdk1.8.0_131\jre\bin\server\jvm.dll
0x000007fefc810000 - 0x000007fefc819000 	C:\Windows\system32\WSOCK32.dll
0x000007feff740000 - 0x000007feff78d000 	C:\Windows\system32\WS2_32.dll
0x000007fefe100000 - 0x000007fefe108000 	C:\Windows\system32\NSI.dll
0x000007fefb9a0000 - 0x000007fefb9db000 	C:\Windows\system32\WINMM.dll
0x000007fefcab0000 - 0x000007fefcabc000 	C:\Windows\system32\VERSION.dll
0x0000000077aa0000 - 0x0000000077aa7000 	C:\Windows\system32\PSAPI.DLL
0x0000000072ef0000 - 0x0000000072eff000 	C:\Program Files\Java\jdk1.8.0_131\jre\bin\verify.dll
0x00000000720a0000 - 0x00000000720c9000 	C:\Program Files\Java\jdk1.8.0_131\jre\bin\java.dll
0x0000000072830000 - 0x0000000072846000 	C:\Program Files\Java\jdk1.8.0_131\jre\bin\zip.dll
0x000007fefe190000 - 0x000007fefef19000 	C:\Windows\system32\SHELL32.dll
0x000007feff790000 - 0x000007feff993000 	C:\Windows\system32\ole32.dll
0x000007fefdd30000 - 0x000007fefdd3f000 	C:\Windows\system32\profapi.dll
0x000007fefd600000 - 0x000007fefd618000 	C:\Windows\system32\CRYPTSP.dll
0x000007fefd300000 - 0x000007fefd347000 	C:\Windows\system32\rsaenh.dll
0x000007fefd080000 - 0x000007fefd09e000 	C:\Windows\system32\USERENV.dll
0x000007fefdc60000 - 0x000007fefdc6f000 	C:\Windows\system32\CRYPTBASE.dll
0x0000000072080000 - 0x000000007209a000 	C:\Program Files\Java\jdk1.8.0_131\jre\bin\net.dll
0x000007fefd5a0000 - 0x000007fefd5f5000 	C:\Windows\system32\mswsock.dll
0x000007fefd590000 - 0x000007fefd597000 	C:\Windows\System32\wship6.dll
0x000007fefb2d0000 - 0x000007fefb2f7000 	C:\Windows\system32\IPHLPAPI.DLL
0x000007fefb2c0000 - 0x000007fefb2cb000 	C:\Windows\system32\WINNSI.DLL
0x000007fefaf90000 - 0x000007fefafa1000 	C:\Windows\system32\dhcpcsvc6.DLL
0x000007fefaf70000 - 0x000007fefaf88000 	C:\Windows\system32\dhcpcsvc.DLL
0x0000000071f30000 - 0x0000000071f41000 	C:\Program Files\Java\jdk1.8.0_131\jre\bin\nio.dll
0x000007feeb9f0000 - 0x000007feeba19000 	C:\Users\Administrator\.vscode\extensions\redhat.java-0.25.0\server\config_win\org.eclipse.equinox.launcher\org.eclipse.equinox.launcher.win32.win32.x86_64_1.1.700.v20180504-1554\eclipse_1704.dll

VM Arguments:
jvm_args: -Declipse.application=org.eclipse.jdt.ls.core.id1 -Dosgi.bundles.defaultStartLevel=4 -Declipse.product=org.eclipse.jdt.ls.core.product -Xverify:none -Xmx1G -XX:+UseG1GC -XX:+UseStringDeduplication 
java_command: C:\Users\Administrator\.vscode\extensions\redhat.java-0.25.0\server\plugins\org.eclipse.equinox.launcher_1.5.0.v20180207-1446.jar -configuration C:\Users\Administrator\.vscode\extensions\redhat.java-0.25.0\server\config_win -data C:\Users\Administrator\AppData\Roaming\Code\User\workspaceStorage\90752b9c31e6bbd0cd78e152a754cbc1\redhat.java\jdt_ws
java_class_path (initial): C:\Users\Administrator\.vscode\extensions\redhat.java-0.25.0\server\plugins\org.eclipse.equinox.launcher_1.5.0.v20180207-1446.jar
Launcher Type: SUN_STANDARD

Environment Variables:
JAVA_HOME=C:\Program Files\Java\jdk1.8.0_131
CLASSPATH=.;C:\Program Files\Java\jdk1.8.0_131\lib\dt.jar;C:\Program Files\Java\jdk1.8.0_131\lib\tools.jar;
PATH=E:\app\Administrator\product\11.1.0\db_1\bin;C:\Program Files\Java\jdk1.8.0_131\bin;C:\Program Files\Java\jdk1.8.0_131\jre\bin;C:\ProgramData\Oracle\Java\javapath;C:\Windows\system32;C:\Windows;C:\Windows\System32\Wbem;C:\Windows\System32\WindowsPowerShell\v1.0\;C:\Program Files\Git\cmd;C:\Program Files\nodejs\;C:\MinGW\bin;C:\Users\Administrator\AppData\Local\Programs\Python\Python36-32\Scripts\;C:\Users\Administrator\AppData\Local\Programs\Python\Python36-32\;C:\Program Files\Microsoft VS Code\bin;C:\Users\Administrator\AppData\Roaming\npm
USERNAME=Administrator
OS=Windows_NT
PROCESSOR_IDENTIFIER=Intel64 Family 6 Model 58 Stepping 9, GenuineIntel



---------------  S Y S T E M  ---------------

OS: Windows 7 , 64 bit Build 7601 (6.1.7601.19045)

CPU:total 4 (initial active 4) (2 cores per cpu, 2 threads per core) family 6 model 58 stepping 9, cmov, cx8, fxsr, mmx, sse, sse2, sse3, ssse3, sse4.1, sse4.2, popcnt, avx, aes, clmul, erms, ht, tsc, tscinvbit, tscinv

Memory: 4k page, physical 3884556k(184628k free), swap 8077024k(5676k free)

vm_info: Java HotSpot(TM) 64-Bit Server VM (25.131-b11) for windows-amd64 JRE (1.8.0_131-b11), built on Mar 15 2017 01:23:53 by "java_re" with MS VC++ 10.0 (VS2010)

time: Thu May 17 18:14:46 2018
elapsed time: 7 seconds (0d 0h 0m 7s)

