05-Sep-2018 17:49:47.752 信息 [main] org.apache.catalina.startup.VersionLoggerListener.log Server version:        Apache Tomcat/9.0.11
05-Sep-2018 17:49:47.752 信息 [main] org.apache.catalina.startup.VersionLoggerListener.log Server built:          Aug 11 2018 19:47:23 UTC
05-Sep-2018 17:49:47.752 信息 [main] org.apache.catalina.startup.VersionLoggerListener.log Server number:         9.0.11.0
05-Sep-2018 17:49:47.752 信息 [main] org.apache.catalina.startup.VersionLoggerListener.log OS Name:               Windows 7
05-Sep-2018 17:49:47.752 信息 [main] org.apache.catalina.startup.VersionLoggerListener.log OS Version:            6.1
05-Sep-2018 17:49:47.762 信息 [main] org.apache.catalina.startup.VersionLoggerListener.log Architecture:          amd64
05-Sep-2018 17:49:47.762 信息 [main] org.apache.catalina.startup.VersionLoggerListener.log Java Home:             C:\Program Files\Java\jdk1.8.0_131\jre
05-Sep-2018 17:49:47.762 信息 [main] org.apache.catalina.startup.VersionLoggerListener.log JVM Version:           1.8.0_131-b11
05-Sep-2018 17:49:47.762 信息 [main] org.apache.catalina.startup.VersionLoggerListener.log JVM Vendor:            Oracle Corporation
05-Sep-2018 17:49:47.762 信息 [main] org.apache.catalina.startup.VersionLoggerListener.log CATALINA_BASE:         C:\Users\Administrator\Desktop\git\server\tomcat\apache-tomcat9-28080\apache-tomcat-9.0.11
05-Sep-2018 17:49:47.762 信息 [main] org.apache.catalina.startup.VersionLoggerListener.log CATALINA_HOME:         C:\Users\Administrator\Desktop\git\server\tomcat\apache-tomcat9-28080\apache-tomcat-9.0.11
05-Sep-2018 17:49:47.762 信息 [main] org.apache.catalina.startup.VersionLoggerListener.log Command line argument: -Djava.util.logging.config.file=C:\Users\Administrator\Desktop\git\server\tomcat\apache-tomcat9-28080\apache-tomcat-9.0.11\conf\logging.properties
05-Sep-2018 17:49:47.762 信息 [main] org.apache.catalina.startup.VersionLoggerListener.log Command line argument: -Djava.util.logging.manager=org.apache.juli.ClassLoaderLogManager
05-Sep-2018 17:49:47.762 信息 [main] org.apache.catalina.startup.VersionLoggerListener.log Command line argument: -Djdk.tls.ephemeralDHKeySize=2048
05-Sep-2018 17:49:47.762 信息 [main] org.apache.catalina.startup.VersionLoggerListener.log Command line argument: -Djava.protocol.handler.pkgs=org.apache.catalina.webresources
05-Sep-2018 17:49:47.762 信息 [main] org.apache.catalina.startup.VersionLoggerListener.log Command line argument: -Dignore.endorsed.dirs=
05-Sep-2018 17:49:47.772 信息 [main] org.apache.catalina.startup.VersionLoggerListener.log Command line argument: -Dcatalina.base=C:\Users\Administrator\Desktop\git\server\tomcat\apache-tomcat9-28080\apache-tomcat-9.0.11
05-Sep-2018 17:49:47.772 信息 [main] org.apache.catalina.startup.VersionLoggerListener.log Command line argument: -Dcatalina.home=C:\Users\Administrator\Desktop\git\server\tomcat\apache-tomcat9-28080\apache-tomcat-9.0.11
05-Sep-2018 17:49:47.772 信息 [main] org.apache.catalina.startup.VersionLoggerListener.log Command line argument: -Djava.io.tmpdir=C:\Users\Administrator\Desktop\git\server\tomcat\apache-tomcat9-28080\apache-tomcat-9.0.11\temp
05-Sep-2018 17:49:47.772 信息 [main] org.apache.catalina.core.AprLifecycleListener.lifecycleEvent Loaded APR based Apache Tomcat Native library [1.2.17] using APR version [1.6.3].
05-Sep-2018 17:49:47.772 信息 [main] org.apache.catalina.core.AprLifecycleListener.lifecycleEvent APR capabilities: IPv6 [true], sendfile [true], accept filters [false], random [true].
05-Sep-2018 17:49:47.772 信息 [main] org.apache.catalina.core.AprLifecycleListener.lifecycleEvent APR/OpenSSL configuration: useAprConnector [false], useOpenSSL [true]
05-Sep-2018 17:49:48.494 信息 [main] org.apache.catalina.core.AprLifecycleListener.initializeSSL OpenSSL successfully initialized [OpenSSL 1.0.2o  27 Mar 2018]
05-Sep-2018 17:49:48.737 信息 [main] org.apache.coyote.AbstractProtocol.init Initializing ProtocolHandler ["http-nio-28080"]
05-Sep-2018 17:49:48.997 信息 [main] org.apache.tomcat.util.net.NioSelectorPool.getSharedSelector Using a shared selector for servlet write/read
05-Sep-2018 17:49:49.007 信息 [main] org.apache.coyote.AbstractProtocol.init Initializing ProtocolHandler ["ajp-nio-28009"]
05-Sep-2018 17:49:49.007 信息 [main] org.apache.tomcat.util.net.NioSelectorPool.getSharedSelector Using a shared selector for servlet write/read
05-Sep-2018 17:49:49.017 信息 [main] org.apache.catalina.startup.Catalina.load Initialization processed in 2189 ms
05-Sep-2018 17:49:49.087 信息 [main] org.apache.catalina.core.StandardService.startInternal Starting service [Catalina]
05-Sep-2018 17:49:49.087 信息 [main] org.apache.catalina.core.StandardEngine.startInternal Starting Servlet Engine: Apache Tomcat/9.0.11
05-Sep-2018 17:49:49.107 信息 [main] org.apache.catalina.startup.HostConfig.deployDirectory Deploying web application directory [C:\Users\Administrator\Desktop\git\server\tomcat\apache-tomcat9-28080\apache-tomcat-9.0.11\webapps\docs]
05-Sep-2018 17:49:49.675 信息 [main] org.apache.catalina.startup.HostConfig.deployDirectory Deployment of web application directory [C:\Users\Administrator\Desktop\git\server\tomcat\apache-tomcat9-28080\apache-tomcat-9.0.11\webapps\docs] has finished in [568] ms
05-Sep-2018 17:49:49.675 信息 [main] org.apache.catalina.startup.HostConfig.deployDirectory Deploying web application directory [C:\Users\Administrator\Desktop\git\server\tomcat\apache-tomcat9-28080\apache-tomcat-9.0.11\webapps\examples]
05-Sep-2018 17:49:50.951 信息 [main] org.apache.catalina.startup.HostConfig.deployDirectory Deployment of web application directory [C:\Users\Administrator\Desktop\git\server\tomcat\apache-tomcat9-28080\apache-tomcat-9.0.11\webapps\examples] has finished in [1,276] ms
05-Sep-2018 17:49:50.951 信息 [main] org.apache.catalina.startup.HostConfig.deployDirectory Deploying web application directory [C:\Users\Administrator\Desktop\git\server\tomcat\apache-tomcat9-28080\apache-tomcat-9.0.11\webapps\host-manager]
05-Sep-2018 17:49:51.031 信息 [main] org.apache.catalina.startup.HostConfig.deployDirectory Deployment of web application directory [C:\Users\Administrator\Desktop\git\server\tomcat\apache-tomcat9-28080\apache-tomcat-9.0.11\webapps\host-manager] has finished in [80] ms
05-Sep-2018 17:49:51.061 信息 [main] org.apache.catalina.startup.HostConfig.deployDirectory Deploying web application directory [C:\Users\Administrator\Desktop\git\server\tomcat\apache-tomcat9-28080\apache-tomcat-9.0.11\webapps\manager]
05-Sep-2018 17:49:51.130 信息 [main] org.apache.catalina.startup.HostConfig.deployDirectory Deployment of web application directory [C:\Users\Administrator\Desktop\git\server\tomcat\apache-tomcat9-28080\apache-tomcat-9.0.11\webapps\manager] has finished in [69] ms
05-Sep-2018 17:49:51.138 信息 [main] org.apache.catalina.startup.HostConfig.deployDirectory Deploying web application directory [C:\Users\Administrator\Desktop\git\server\tomcat\apache-tomcat9-28080\apache-tomcat-9.0.11\webapps\ROOT]
05-Sep-2018 17:49:51.176 信息 [main] org.apache.catalina.startup.HostConfig.deployDirectory Deployment of web application directory [C:\Users\Administrator\Desktop\git\server\tomcat\apache-tomcat9-28080\apache-tomcat-9.0.11\webapps\ROOT] has finished in [28] ms
05-Sep-2018 17:49:51.176 信息 [main] org.apache.catalina.startup.HostConfig.deployDirectory Deploying web application directory [C:\Users\Administrator\Desktop\git\server\tomcat\apache-tomcat9-28080\apache-tomcat-9.0.11\webapps\welcome]
05-Sep-2018 17:49:51.226 信息 [main] org.apache.catalina.startup.HostConfig.deployDirectory Deployment of web application directory [C:\Users\Administrator\Desktop\git\server\tomcat\apache-tomcat9-28080\apache-tomcat-9.0.11\webapps\welcome] has finished in [50] ms
05-Sep-2018 17:49:51.226 信息 [main] org.apache.coyote.AbstractProtocol.start Starting ProtocolHandler ["http-nio-28080"]
05-Sep-2018 17:49:51.246 信息 [main] org.apache.coyote.AbstractProtocol.start Starting ProtocolHandler ["ajp-nio-28009"]
05-Sep-2018 17:49:51.246 信息 [main] org.apache.catalina.startup.Catalina.start Server startup in 2237 ms
